2026-05-21 16:38:37 [INFO   ] ShapeToLifeSmokeTest: Execution directory: C:\Users\MIKO\Documents\Miko3 Automation\reports\20260521_163837
2026-05-21 16:38:37 [INFO   ] ShapeToLifeSmokeTest: Connecting to device via ADB...
2026-05-21 16:38:37 [INFO   ] src.drivers.adb_utils: ADB binary validated: adb
2026-05-21 16:38:37 [INFO   ] ShapeToLifeSmokeTest: Initializing test: ShapeToLifeSmokeTest
2026-05-21 16:38:37 [INFO   ] src.utils.tts_utils: ✓ TTS output directory: audio
2026-05-21 16:38:38 [INFO   ] framework.base.base_talent: ============================================================
2026-05-21 16:38:38 [INFO   ] framework.base.base_talent: STARTING TEST: Shape to Life Smoke (com.miko.shapeoflife)
2026-05-21 16:38:38 [INFO   ] framework.base.base_talent: ============================================================
2026-05-21 16:38:38 [INFO   ] framework.base.base_talent: --- Setup Phase ---
2026-05-21 16:38:38 [INFO   ] framework.base.base_talent:   [Step 1] Screen management
2026-05-21 16:38:39 [INFO   ] src.drivers.adb_utils: Swiping (640,576) -> (640,144) in 300ms
2026-05-21 16:38:42 [INFO   ] src.drivers.adb_utils: Setting screen brightness to 127
2026-05-21 16:38:42 [INFO   ] src.drivers.adb_utils: Setting power mode to Stay On
2026-05-21 16:38:44 [INFO   ] framework.base.base_talent: --- Execute Phase ---
2026-05-21 16:38:44 [INFO   ] __main__: Starting Shape to Life smoke flow
2026-05-21 16:38:44 [INFO   ] framework.base.base_talent:   [Step 2] Navigate to Home
2026-05-21 16:38:44 [INFO   ] src.drivers.adb_utils: Key event: 3
2026-05-21 16:38:48 [INFO   ] framework.base.base_talent:   [Step 3] Click on OpenApps
2026-05-21 16:38:48 [INFO   ] src.drivers.adb_utils: Tapping at (1207, 644)
2026-05-21 16:38:51 [INFO   ] src.drivers.adb_utils: Tapping at (1228, 53)
2026-05-21 16:38:54 [INFO   ] src.drivers.adb_utils: Tapping at (444, 64)
2026-05-21 16:38:58 [INFO   ] src.drivers.adb_utils: Inputting text: shape
2026-05-21 16:39:04 [INFO   ] src.drivers.adb_utils: Key event: 66
2026-05-21 16:39:07 [INFO   ] src.drivers.adb_utils: Tapping at (1207, 665)
2026-05-21 16:39:10 [INFO   ] framework.base.base_talent:   [Step 4] Launch Shape of Life
2026-05-21 16:39:10 [INFO   ] src.drivers.adb_utils: Tapping at (217, 350)
2026-05-21 16:39:34 [INFO   ] src.drivers.adb_utils: Screenshot saved: reports\20260521_163837\Screenshots\Shape to Life Smoke_4_shape_of_life_main_screen_1779361772.png
2026-05-21 16:39:34 [INFO   ] framework.base.base_talent:   [Step 5] Redirect to Domestic Journey
2026-05-21 16:39:34 [INFO   ] src.drivers.adb_utils: Tapping at (227, 550)
2026-05-21 16:39:47 [INFO   ] src.drivers.adb_utils: Screenshot saved: reports\20260521_163837\Screenshots\Shape to Life Smoke_5_shape_of_life_domestic_journey_1779361778.png
2026-05-21 16:39:47 [INFO   ] framework.base.base_talent:   [Step 6] Click on Cat animal
2026-05-21 16:39:47 [INFO   ] src.drivers.adb_utils: Tapping at (227, 543)
2026-05-21 16:39:54 [INFO   ] src.drivers.adb_utils: Screenshot saved: reports\20260521_163837\Screenshots\Shape to Life Smoke_6_shape_of_life_cat_shape_1779361792.png
2026-05-21 16:39:54 [INFO   ] framework.base.base_talent:   [Step 7] Complete Cat Shape
2026-05-21 16:39:54 [INFO   ] src.drivers.adb_utils: Swiping (1046,199) -> (260,186) in 1500ms
2026-05-21 16:40:00 [INFO   ] src.drivers.adb_utils: Screenshot saved: reports\20260521_163837\Screenshots\Shape to Life Smoke_7_cat_image_completed_1779361798.png
2026-05-21 16:40:00 [INFO   ] src.drivers.adb_utils: Swiping (860,199) -> (360,186) in 1500ms
2026-05-21 16:40:06 [INFO   ] src.drivers.adb_utils: Screenshot saved: reports\20260521_163837\Screenshots\Shape to Life Smoke_7_cat_image_completed_1779361804.png
2026-05-21 16:40:06 [INFO   ] src.drivers.adb_utils: Swiping (850,370) -> (350,305) in 1500ms
2026-05-21 16:40:12 [INFO   ] src.drivers.adb_utils: Screenshot saved: reports\20260521_163837\Screenshots\Shape to Life Smoke_7_cat_image_completed_1779361811.png
2026-05-21 16:40:12 [INFO   ] src.drivers.adb_utils: Swiping (1046,337) -> (340,330) in 1500ms
2026-05-21 16:40:19 [INFO   ] src.drivers.adb_utils: Screenshot saved: reports\20260521_163837\Screenshots\Shape to Life Smoke_7_cat_image_completed_1779361817.png
2026-05-21 16:40:19 [INFO   ] src.drivers.adb_utils: Swiping (864,526) -> (520,480) in 1500ms
2026-05-21 16:40:25 [INFO   ] src.drivers.adb_utils: Screenshot saved: reports\20260521_163837\Screenshots\Shape to Life Smoke_7_cat_image_completed_1779361823.png
2026-05-21 16:40:37 [INFO   ] framework.base.base_talent:   [Step 8] Exit Shape of Life
2026-05-21 16:40:37 [INFO   ] src.drivers.adb_utils: Tapping at (52, 58)
2026-05-21 16:40:44 [INFO   ] src.drivers.adb_utils: Tapping at (55, 77)
2026-05-21 16:40:48 [INFO   ] src.drivers.adb_utils: Tapping at (55, 77)
2026-05-21 16:40:51 [INFO   ] src.drivers.adb_utils: Tapping at (55, 77)
2026-05-21 16:40:55 [INFO   ] framework.base.base_talent: --- Verify Phase ---
2026-05-21 16:40:55 [INFO   ] framework.base.base_talent:   [Step 9] Verify no crashes
2026-05-21 16:40:55 [INFO   ] src.modules.talent_discovery: Force stopped: com.miko.shapeoflife
2026-05-21 16:40:55 [INFO   ] src.drivers.adb_utils: Key event: 3
2026-05-21 16:40:57 [INFO   ] framework.base.base_talent: Teardown complete for Shape to Life Smoke
2026-05-21 16:40:57 [INFO   ] framework.base.base_talent: ============================================================
2026-05-21 16:40:57 [INFO   ] framework.base.base_talent: TEST PASSED: Shape to Life Smoke (140.0s) — 9/9 steps passed, 0 steps failed
2026-05-21 16:40:57 [INFO   ] framework.base.base_talent: ============================================================
2026-05-21 16:40:57 [INFO   ] ShapeToLifeSmokeTest: Generating standalone HTML report...
2026-05-21 16:40:57 [INFO   ] framework.reporter.html_report: Report generated: reports\20260521_163837\AutomationReport_20260521_163837.html
2026-05-21 16:40:57 [INFO   ] framework.reporter.html_report: Generating PDF report...
2026-05-21 16:41:03 [INFO   ] framework.reporter.html_report: PDF Report generated: reports\20260521_163837\AutomationReport_20260521_163837.pdf
